#
# There is insufficient memory for the Java Runtime Environment to continue.
# Native memory allocation (malloc) failed to allocate 261536 bytes for Chunk::new
# Possible reasons:
#   The system is out of physical RAM or swap space
#   The process is running with CompressedOops enabled, and the Java Heap may be blocking the growth of the native heap
# Possible solutions:
#   Reduce memory load on the system
#   Increase physical memory or swap space
#   Check if swap backing store is full
#   Decrease Java heap size (-Xmx/-Xms)
#   Decrease number of Java threads
#   Decrease Java thread stack sizes (-Xss)
#   Set larger code cache with -XX:ReservedCodeCacheSize=
#   JVM is running with Zero Based Compressed Oops mode in which the Java heap is
#     placed in the first 32GB address space. The Java Heap base address is the
#     maximum limit for the native heap growth. Please use -XX:HeapBaseMinAddress
#     to set the Java Heap base and to place the Java Heap above 32GB virtual address.
# This output file may be truncated or incomplete.
#
#  Out of Memory Error (arena.cpp:189), pid=456, tid=21460
#
# JRE version: OpenJDK Runtime Environment (17.0.7) (build 17.0.7+0-b2043.56-10550314)
# Java VM: OpenJDK 64-Bit Server VM (17.0.7+0-b2043.56-10550314, mixed mode, tiered, compressed oops, compressed class ptrs, g1 gc, windows-amd64)
# No core dump will be written. Minidumps are not enabled by default on client versions of Windows
#

---------------  S U M M A R Y ------------

Command Line: org.jetbrains.kotlin.cli.jvm.K2JVMCompiler @C:\Users\gusta\Desktop\MyAnimeList\app\build\20240819_1701933722096261952.compiler.options

Host: Intel(R) Core(TM) i5-9300H CPU @ 2.40GHz, 8 cores, 15G,  Windows 10 , 64 bit Build 19041 (10.0.19041.4717)
Time: Mon Aug 19 16:43:55 2024 Hora oficial do Brasil elapsed time: 0.743115 seconds (0d 0h 0m 0s)

---------------  T H R E A D  ---------------

Current thread (0x00000283e0a57720):  JavaThread "C2 CompilerThread1" daemon [_thread_in_native, id=21460, stack(0x00000085cef00000,0x00000085cf000000)]


Current CompileTask:
C2:    743  740   !   4       java.util.zip.ZipFile$Source::getEntryPos (173 bytes)

Stack: [0x00000085cef00000,0x00000085cf000000]
Native frames: (J=compiled Java code, j=interpreted, Vv=VM code, C=native code)
V  [jvm.dll+0x683bfa]
V  [jvm.dll+0x8430a4]
V  [jvm.dll+0x8449be]
V  [jvm.dll+0x845023]
V  [jvm.dll+0x24ad2f]
V  [jvm.dll+0xac25c]
V  [jvm.dll+0xac82c]
V  [jvm.dll+0x2b218f]
V  [jvm.dll+0x58c2f7]
V  [jvm.dll+0x225a12]
V  [jvm.dll+0x21ee54]
V  [jvm.dll+0x21c56b]
V  [jvm.dll+0x1a605d]
V  [jvm.dll+0x22c148]
V  [jvm.dll+0x22a209]
V  [jvm.dll+0x7f858c]
V  [jvm.dll+0x7f2aea]
V  [jvm.dll+0x682a35]
C  [ucrtbase.dll+0x21bb2]
C  [KERNEL32.DLL+0x17374]
C  [ntdll.dll+0x4cc91]


---------------  P R O C E S S  ---------------

Threads class SMR info:
_java_thread_list=0x00000283e0928c50, length=13, elements={
0x00000283bfd11b70, 0x00000283e0763620, 0x00000283e07643a0, 0x00000283e074ffa0,
0x00000283e0793e10, 0x00000283e07967d0, 0x00000283e0797180, 0x00000283e0797e60,
0x00000283e0798850, 0x00000283e07999e0, 0x00000283e0908550, 0x00000283e0919cc0,
0x00000283e0a57720
}

Java Threads: ( => current thread )
  0x00000283bfd11b70 JavaThread "main" [_thread_in_Java, id=4116, stack(0x00000085cdc00000,0x00000085cdd00000)]
  0x00000283e0763620 JavaThread "Reference Handler" daemon [_thread_blocked, id=5608, stack(0x00000085ce300000,0x00000085ce400000)]
  0x00000283e07643a0 JavaThread "Finalizer" daemon [_thread_blocked, id=16016, stack(0x00000085ce400000,0x00000085ce500000)]
  0x00000283e074ffa0 JavaThread "Signal Dispatcher" daemon [_thread_blocked, id=20972, stack(0x00000085ce500000,0x00000085ce600000)]
  0x00000283e0793e10 JavaThread "Attach Listener" daemon [_thread_blocked, id=3916, stack(0x00000085ce600000,0x00000085ce700000)]
  0x00000283e07967d0 JavaThread "Service Thread" daemon [_thread_blocked, id=4048, stack(0x00000085ce700000,0x00000085ce800000)]
  0x00000283e0797180 JavaThread "Monitor Deflation Thread" daemon [_thread_blocked, id=15652, stack(0x00000085ce800000,0x00000085ce900000)]
  0x00000283e0797e60 JavaThread "C2 CompilerThread0" daemon [_thread_in_native, id=10316, stack(0x00000085ce900000,0x00000085cea00000)]
  0x00000283e0798850 JavaThread "C1 CompilerThread0" daemon [_thread_in_native, id=3996, stack(0x00000085cea00000,0x00000085ceb00000)]
  0x00000283e07999e0 JavaThread "Sweeper thread" daemon [_thread_blocked, id=12384, stack(0x00000085ceb00000,0x00000085cec00000)]
  0x00000283e0908550 JavaThread "Notification Thread" daemon [_thread_blocked, id=9284, stack(0x00000085cec00000,0x00000085ced00000)]
  0x00000283e0919cc0 JavaThread "Common-Cleaner" daemon [_thread_blocked, id=20228, stack(0x00000085cee00000,0x00000085cef00000)]
=>0x00000283e0a57720 JavaThread "C2 CompilerThread1" daemon [_thread_in_native, id=21460, stack(0x00000085cef00000,0x00000085cf000000)]

Other Threads:
  0x00000283e05ee670 VMThread "VM Thread" [stack: 0x00000085ce200000,0x00000085ce300000] [id=6268]
  0x00000283e090af70 WatcherThread [stack: 0x00000085ced00000,0x00000085cee00000] [id=12220]
  0x00000283bfd7c5f0 GCTaskThread "GC Thread#0" [stack: 0x00000085cdd00000,0x00000085cde00000] [id=17728]
  0x00000283e52c8520 GCTaskThread "GC Thread#1" [stack: 0x00000085cf000000,0x00000085cf100000] [id=5596]
  0x00000283e5258610 GCTaskThread "GC Thread#2" [stack: 0x00000085cf100000,0x00000085cf200000] [id=11420]
  0x00000283e53e9010 GCTaskThread "GC Thread#3" [stack: 0x00000085cf200000,0x00000085cf300000] [id=19252]
  0x00000283e53e92c0 GCTaskThread "GC Thread#4" [stack: 0x00000085cf300000,0x00000085cf400000] [id=8072]
  0x00000283e53e9570 GCTaskThread "GC Thread#5" [stack: 0x00000085cf400000,0x00000085cf500000] [id=11172]
  0x00000283bfd8e2c0 ConcurrentGCThread "G1 Main Marker" [stack: 0x00000085cde00000,0x00000085cdf00000] [id=6036]
  0x00000283bfd8ecd0 ConcurrentGCThread "G1 Conc#0" [stack: 0x00000085cdf00000,0x00000085ce000000] [id=1164]
  0x00000283bfdde680 ConcurrentGCThread "G1 Refine#0" [stack: 0x00000085ce000000,0x00000085ce100000] [id=11356]
  0x00000283e0474240 ConcurrentGCThread "G1 Service" [stack: 0x00000085ce100000,0x00000085ce200000] [id=16212]

Threads with active compile tasks:
C2 CompilerThread0      759  739   !   4       java.util.zip.ZipFile::getEntry (59 bytes)
C1 CompilerThread0      759  777       3       kotlin.reflect.jvm.internal.impl.protobuf.GeneratedMessageLite$ExtendableMessage::parseUnknownField (17 bytes)
C2 CompilerThread1      759  740   !   4       java.util.zip.ZipFile$Source::getEntryPos (173 bytes)

VM state: not at safepoint (normal execution)

VM Mutex/Monitor currently owned by a thread: None

Heap address: 0x0000000702800000, size: 4056 MB, Compressed Oops mode: Zero based, Oop shift amount: 3

CDS archive(s) not mapped
Compressed class space mapped at: 0x0000000800000000-0x0000000840000000, reserved size: 1073741824
Narrow klass base: 0x0000000800000000, Narrow klass shift: 0, Narrow klass range: 0x40000000

GC Precious Log:
 CPUs: 8 total, 8 available
 Memory: 16221M
 Large Page Support: Disabled
 NUMA Support: Disabled
 Compressed Oops: Enabled (Zero based)
 Heap Region Size: 2M
 Heap Min Capacity: 8M
 Heap Initial Capacity: 254M
 Heap Max Capacity: 4056M
 Pre-touch: Disabled
 Parallel Workers: 8
 Concurrent Workers: 2
 Concurrent Refinement Workers: 8
 Periodic GC: Disabled

Heap:
 garbage-first heap   total 260096K, used 8746K [0x0000000702800000, 0x0000000800000000)
  region size 2048K, 5 young (10240K), 2 survivors (4096K)
 Metaspace       used 13956K, committed 14144K, reserved 1114112K
  class space    used 1363K, committed 1472K, reserved 1048576K

Heap Regions: E=young(eden), S=young(survivor), O=old, HS=humongous(starts), HC=humongous(continues), CS=collection set, F=free, OA=open archive, CA=closed archive, TAMS=top-at-mark-start (previous, next)
|   0|0x0000000702800000, 0x0000000702a00000, 0x0000000702a00000|100%|HS|  |TAMS 0x0000000702800000, 0x0000000702800000| Complete 
|   1|0x0000000702a00000, 0x0000000702c00000, 0x0000000702c00000|100%|HC|  |TAMS 0x0000000702a00000, 0x0000000702a00000| Complete 
|   2|0x0000000702c00000, 0x0000000702c00000, 0x0000000702e00000|  0%| F|  |TAMS 0x0000000702c00000, 0x0000000702c00000| Untracked 
|   3|0x0000000702e00000, 0x0000000702e00000, 0x0000000703000000|  0%| F|  |TAMS 0x0000000702e00000, 0x0000000702e00000| Untracked 
|   4|0x0000000703000000, 0x0000000703000000, 0x0000000703200000|  0%| F|  |TAMS 0x0000000703000000, 0x0000000703000000| Untracked 
|   5|0x0000000703200000, 0x0000000703200000, 0x0000000703400000|  0%| F|  |TAMS 0x0000000703200000, 0x0000000703200000| Untracked 
|   6|0x0000000703400000, 0x0000000703400000, 0x0000000703600000|  0%| F|  |TAMS 0x0000000703400000, 0x0000000703400000| Untracked 
|   7|0x0000000703600000, 0x0000000703600000, 0x0000000703800000|  0%| F|  |TAMS 0x0000000703600000, 0x0000000703600000| Untracked 
|   8|0x0000000703800000, 0x0000000703800000, 0x0000000703a00000|  0%| F|  |TAMS 0x0000000703800000, 0x0000000703800000| Untracked 
|   9|0x0000000703a00000, 0x0000000703a00000, 0x0000000703c00000|  0%| F|  |TAMS 0x0000000703a00000, 0x0000000703a00000| Untracked 
|  10|0x0000000703c00000, 0x0000000703c00000, 0x0000000703e00000|  0%| F|  |TAMS 0x0000000703c00000, 0x0000000703c00000| Untracked 
|  11|0x0000000703e00000, 0x0000000703e00000, 0x0000000704000000|  0%| F|  |TAMS 0x0000000703e00000, 0x0000000703e00000| Untracked 
|  12|0x0000000704000000, 0x0000000704000000, 0x0000000704200000|  0%| F|  |TAMS 0x0000000704000000, 0x0000000704000000| Untracked 
|  13|0x0000000704200000, 0x0000000704200000, 0x0000000704400000|  0%| F|  |TAMS 0x0000000704200000, 0x0000000704200000| Untracked 
|  14|0x0000000704400000, 0x0000000704400000, 0x0000000704600000|  0%| F|  |TAMS 0x0000000704400000, 0x0000000704400000| Untracked 
|  15|0x0000000704600000, 0x0000000704600000, 0x0000000704800000|  0%| F|  |TAMS 0x0000000704600000, 0x0000000704600000| Untracked 
|  16|0x0000000704800000, 0x0000000704800000, 0x0000000704a00000|  0%| F|  |TAMS 0x0000000704800000, 0x0000000704800000| Untracked 
|  17|0x0000000704a00000, 0x0000000704a00000, 0x0000000704c00000|  0%| F|  |TAMS 0x0000000704a00000, 0x0000000704a00000| Untracked 
|  18|0x0000000704c00000, 0x0000000704c00000, 0x0000000704e00000|  0%| F|  |TAMS 0x0000000704c00000, 0x0000000704c00000| Untracked 
|  19|0x0000000704e00000, 0x0000000704e00000, 0x0000000705000000|  0%| F|  |TAMS 0x0000000704e00000, 0x0000000704e00000| Untracked 
|  20|0x0000000705000000, 0x0000000705000000, 0x0000000705200000|  0%| F|  |TAMS 0x0000000705000000, 0x0000000705000000| Untracked 
|  21|0x0000000705200000, 0x0000000705200000, 0x0000000705400000|  0%| F|  |TAMS 0x0000000705200000, 0x0000000705200000| Untracked 
|  22|0x0000000705400000, 0x0000000705400000, 0x0000000705600000|  0%| F|  |TAMS 0x0000000705400000, 0x0000000705400000| Untracked 
|  23|0x0000000705600000, 0x0000000705600000, 0x0000000705800000|  0%| F|  |TAMS 0x0000000705600000, 0x0000000705600000| Untracked 
|  24|0x0000000705800000, 0x0000000705800000, 0x0000000705a00000|  0%| F|  |TAMS 0x0000000705800000, 0x0000000705800000| Untracked 
|  25|0x0000000705a00000, 0x0000000705a00000, 0x0000000705c00000|  0%| F|  |TAMS 0x0000000705a00000, 0x0000000705a00000| Untracked 
|  26|0x0000000705c00000, 0x0000000705c00000, 0x0000000705e00000|  0%| F|  |TAMS 0x0000000705c00000, 0x0000000705c00000| Untracked 
|  27|0x0000000705e00000, 0x0000000705e00000, 0x0000000706000000|  0%| F|  |TAMS 0x0000000705e00000, 0x0000000705e00000| Untracked 
|  28|0x0000000706000000, 0x0000000706000000, 0x0000000706200000|  0%| F|  |TAMS 0x0000000706000000, 0x0000000706000000| Untracked 
|  29|0x0000000706200000, 0x0000000706200000, 0x0000000706400000|  0%| F|  |TAMS 0x0000000706200000, 0x0000000706200000| Untracked 
|  30|0x0000000706400000, 0x0000000706400000, 0x0000000706600000|  0%| F|  |TAMS 0x0000000706400000, 0x0000000706400000| Untracked 
|  31|0x0000000706600000, 0x0000000706600000, 0x0000000706800000|  0%| F|  |TAMS 0x0000000706600000, 0x0000000706600000| Untracked 
|  32|0x0000000706800000, 0x0000000706800000, 0x0000000706a00000|  0%| F|  |TAMS 0x0000000706800000, 0x0000000706800000| Untracked 
|  33|0x0000000706a00000, 0x0000000706a00000, 0x0000000706c00000|  0%| F|  |TAMS 0x0000000706a00000, 0x0000000706a00000| Untracked 
|  34|0x0000000706c00000, 0x0000000706c00000, 0x0000000706e00000|  0%| F|  |TAMS 0x0000000706c00000, 0x0000000706c00000| Untracked 
|  35|0x0000000706e00000, 0x0000000706e00000, 0x0000000707000000|  0%| F|  |TAMS 0x0000000706e00000, 0x0000000706e00000| Untracked 
|  36|0x0000000707000000, 0x0000000707000000, 0x0000000707200000|  0%| F|  |TAMS 0x0000000707000000, 0x0000000707000000| Untracked 
|  37|0x0000000707200000, 0x0000000707200000, 0x0000000707400000|  0%| F|  |TAMS 0x0000000707200000, 0x0000000707200000| Untracked 
|  38|0x0000000707400000, 0x0000000707400000, 0x0000000707600000|  0%| F|  |TAMS 0x0000000707400000, 0x0000000707400000| Untracked 
|  39|0x0000000707600000, 0x0000000707600000, 0x0000000707800000|  0%| F|  |TAMS 0x0000000707600000, 0x0000000707600000| Untracked 
|  40|0x0000000707800000, 0x0000000707800000, 0x0000000707a00000|  0%| F|  |TAMS 0x0000000707800000, 0x0000000707800000| Untracked 
|  41|0x0000000707a00000, 0x0000000707a00000, 0x0000000707c00000|  0%| F|  |TAMS 0x0000000707a00000, 0x0000000707a00000| Untracked 
|  42|0x0000000707c00000, 0x0000000707c00000, 0x0000000707e00000|  0%| F|  |TAMS 0x0000000707c00000, 0x0000000707c00000| Untracked 
|  43|0x0000000707e00000, 0x0000000707e00000, 0x0000000708000000|  0%| F|  |TAMS 0x0000000707e00000, 0x0000000707e00000| Untracked 
|  44|0x0000000708000000, 0x0000000708000000, 0x0000000708200000|  0%| F|  |TAMS 0x0000000708000000, 0x0000000708000000| Untracked 
|  45|0x0000000708200000, 0x0000000708200000, 0x0000000708400000|  0%| F|  |TAMS 0x0000000708200000, 0x0000000708200000| Untracked 
|  46|0x0000000708400000, 0x0000000708400000, 0x0000000708600000|  0%| F|  |TAMS 0x0000000708400000, 0x0000000708400000| Untracked 
|  47|0x0000000708600000, 0x0000000708600000, 0x0000000708800000|  0%| F|  |TAMS 0x0000000708600000, 0x0000000708600000| Untracked 
|  48|0x0000000708800000, 0x0000000708800000, 0x0000000708a00000|  0%| F|  |TAMS 0x0000000708800000, 0x0000000708800000| Untracked 
|  49|0x0000000708a00000, 0x0000000708a00000, 0x0000000708c00000|  0%| F|  |TAMS 0x0000000708a00000, 0x0000000708a00000| Untracked 
|  50|0x0000000708c00000, 0x0000000708c00000, 0x0000000708e00000|  0%| F|  |TAMS 0x0000000708c00000, 0x0000000708c00000| Untracked 
|  51|0x0000000708e00000, 0x0000000708e00000, 0x0000000709000000|  0%| F|  |TAMS 0x0000000708e00000, 0x0000000708e00000| Untracked 
|  52|0x0000000709000000, 0x0000000709000000, 0x0000000709200000|  0%| F|  |TAMS 0x0000000709000000, 0x0000000709000000| Untracked 
|  53|0x0000000709200000, 0x0000000709200000, 0x0000000709400000|  0%| F|  |TAMS 0x0000000709200000, 0x0000000709200000| Untracked 
|  54|0x0000000709400000, 0x0000000709400000, 0x0000000709600000|  0%| F|  |TAMS 0x0000000709400000, 0x0000000709400000| Untracked 
|  55|0x0000000709600000, 0x0000000709600000, 0x0000000709800000|  0%| F|  |TAMS 0x0000000709600000, 0x0000000709600000| Untracked 
|  56|0x0000000709800000, 0x0000000709800000, 0x0000000709a00000|  0%| F|  |TAMS 0x0000000709800000, 0x0000000709800000| Untracked 
|  57|0x0000000709a00000, 0x0000000709a00000, 0x0000000709c00000|  0%| F|  |TAMS 0x0000000709a00000, 0x0000000709a00000| Untracked 
|  58|0x0000000709c00000, 0x0000000709c00000, 0x0000000709e00000|  0%| F|  |TAMS 0x0000000709c00000, 0x0000000709c00000| Untracked 
|  59|0x0000000709e00000, 0x0000000709e00000, 0x000000070a000000|  0%| F|  |TAMS 0x0000000709e00000, 0x0000000709e00000| Untracked 
|  60|0x000000070a000000, 0x000000070a000000, 0x000000070a200000|  0%| F|  |TAMS 0x000000070a000000, 0x000000070a000000| Untracked 
|  61|0x000000070a200000, 0x000000070a200000, 0x000000070a400000|  0%| F|  |TAMS 0x000000070a200000, 0x000000070a200000| Untracked 
|  62|0x000000070a400000, 0x000000070a400000, 0x000000070a600000|  0%| F|  |TAMS 0x000000070a400000, 0x000000070a400000| Untracked 
|  63|0x000000070a600000, 0x000000070a600000, 0x000000070a800000|  0%| F|  |TAMS 0x000000070a600000, 0x000000070a600000| Untracked 
|  64|0x000000070a800000, 0x000000070a800000, 0x000000070aa00000|  0%| F|  |TAMS 0x000000070a800000, 0x000000070a800000| Untracked 
|  65|0x000000070aa00000, 0x000000070aa00000, 0x000000070ac00000|  0%| F|  |TAMS 0x000000070aa00000, 0x000000070aa00000| Untracked 
|  66|0x000000070ac00000, 0x000000070ac00000, 0x000000070ae00000|  0%| F|  |TAMS 0x000000070ac00000, 0x000000070ac00000| Untracked 
|  67|0x000000070ae00000, 0x000000070ae00000, 0x000000070b000000|  0%| F|  |TAMS 0x000000070ae00000, 0x000000070ae00000| Untracked 
|  68|0x000000070b000000, 0x000000070b000000, 0x000000070b200000|  0%| F|  |TAMS 0x000000070b000000, 0x000000070b000000| Untracked 
|  69|0x000000070b200000, 0x000000070b200000, 0x000000070b400000|  0%| F|  |TAMS 0x000000070b200000, 0x000000070b200000| Untracked 
|  70|0x000000070b400000, 0x000000070b400000, 0x000000070b600000|  0%| F|  |TAMS 0x000000070b400000, 0x000000070b400000| Untracked 
|  71|0x000000070b600000, 0x000000070b600000, 0x000000070b800000|  0%| F|  |TAMS 0x000000070b600000, 0x000000070b600000| Untracked 
|  72|0x000000070b800000, 0x000000070b800000, 0x000000070ba00000|  0%| F|  |TAMS 0x000000070b800000, 0x000000070b800000| Untracked 
|  73|0x000000070ba00000, 0x000000070ba00000, 0x000000070bc00000|  0%| F|  |TAMS 0x000000070ba00000, 0x000000070ba00000| Untracked 
|  74|0x000000070bc00000, 0x000000070bc00000, 0x000000070be00000|  0%| F|  |TAMS 0x000000070bc00000, 0x000000070bc00000| Untracked 
|  75|0x000000070be00000, 0x000000070be00000, 0x000000070c000000|  0%| F|  |TAMS 0x000000070be00000, 0x000000070be00000| Untracked 
|  76|0x000000070c000000, 0x000000070c000000, 0x000000070c200000|  0%| F|  |TAMS 0x000000070c000000, 0x000000070c000000| Untracked 
|  77|0x000000070c200000, 0x000000070c200000, 0x000000070c400000|  0%| F|  |TAMS 0x000000070c200000, 0x000000070c200000| Untracked 
|  78|0x000000070c400000, 0x000000070c400000, 0x000000070c600000|  0%| F|  |TAMS 0x000000070c400000, 0x000000070c400000| Untracked 
|  79|0x000000070c600000, 0x000000070c600000, 0x000000070c800000|  0%| F|  |TAMS 0x000000070c600000, 0x000000070c600000| Untracked 
|  80|0x000000070c800000, 0x000000070c800000, 0x000000070ca00000|  0%| F|  |TAMS 0x000000070c800000, 0x000000070c800000| Untracked 
|  81|0x000000070ca00000, 0x000000070ca00000, 0x000000070cc00000|  0%| F|  |TAMS 0x000000070ca00000, 0x000000070ca00000| Untracked 
|  82|0x000000070cc00000, 0x000000070cc00000, 0x000000070ce00000|  0%| F|  |TAMS 0x000000070cc00000, 0x000000070cc00000| Untracked 
|  83|0x000000070ce00000, 0x000000070ce00000, 0x000000070d000000|  0%| F|  |TAMS 0x000000070ce00000, 0x000000070ce00000| Untracked 
|  84|0x000000070d000000, 0x000000070d000000, 0x000000070d200000|  0%| F|  |TAMS 0x000000070d000000, 0x000000070d000000| Untracked 
|  85|0x000000070d200000, 0x000000070d200000, 0x000000070d400000|  0%| F|  |TAMS 0x000000070d200000, 0x000000070d200000| Untracked 
|  86|0x000000070d400000, 0x000000070d400000, 0x000000070d600000|  0%| F|  |TAMS 0x000000070d400000, 0x000000070d400000| Untracked 
|  87|0x000000070d600000, 0x000000070d600000, 0x000000070d800000|  0%| F|  |TAMS 0x000000070d600000, 0x000000070d600000| Untracked 
|  88|0x000000070d800000, 0x000000070d800000, 0x000000070da00000|  0%| F|  |TAMS 0x000000070d800000, 0x000000070d800000| Untracked 
|  89|0x000000070da00000, 0x000000070da00000, 0x000000070dc00000|  0%| F|  |TAMS 0x000000070da00000, 0x000000070da00000| Untracked 
|  90|0x000000070dc00000, 0x000000070dc00000, 0x000000070de00000|  0%| F|  |TAMS 0x000000070dc00000, 0x000000070dc00000| Untracked 
|  91|0x000000070de00000, 0x000000070de00000, 0x000000070e000000|  0%| F|  |TAMS 0x000000070de00000, 0x000000070de00000| Untracked 
|  92|0x000000070e000000, 0x000000070e000000, 0x000000070e200000|  0%| F|  |TAMS 0x000000070e000000, 0x000000070e000000| Untracked 
|  93|0x000000070e200000, 0x000000070e200000, 0x000000070e400000|  0%| F|  |TAMS 0x000000070e200000, 0x000000070e200000| Untracked 
|  94|0x000000070e400000, 0x000000070e400000, 0x000000070e600000|  0%| F|  |TAMS 0x000000070e400000, 0x000000070e400000| Untracked 
|  95|0x000000070e600000, 0x000000070e600000, 0x000000070e800000|  0%| F|  |TAMS 0x000000070e600000, 0x000000070e600000| Untracked 
|  96|0x000000070e800000, 0x000000070e800000, 0x000000070ea00000|  0%| F|  |TAMS 0x000000070e800000, 0x000000070e800000| Untracked 
|  97|0x000000070ea00000, 0x000000070ea00000, 0x000000070ec00000|  0%| F|  |TAMS 0x000000070ea00000, 0x000000070ea00000| Untracked 
|  98|0x000000070ec00000, 0x000000070ec00000, 0x000000070ee00000|  0%| F|  |TAMS 0x000000070ec00000, 0x000000070ec00000| Untracked 
|  99|0x000000070ee00000, 0x000000070ee00000, 0x000000070f000000|  0%| F|  |TAMS 0x000000070ee00000, 0x000000070ee00000| Untracked 
| 100|0x000000070f000000, 0x000000070f000000, 0x000000070f200000|  0%| F|  |TAMS 0x000000070f000000, 0x000000070f000000| Untracked 
| 101|0x000000070f200000, 0x000000070f200000, 0x000000070f400000|  0%| F|  |TAMS 0x000000070f200000, 0x000000070f200000| Untracked 
| 102|0x000000070f400000, 0x000000070f400000, 0x000000070f600000|  0%| F|  |TAMS 0x000000070f400000, 0x000000070f400000| Untracked 
| 103|0x000000070f600000, 0x000000070f600000, 0x000000070f800000|  0%| F|  |TAMS 0x000000070f600000, 0x000000070f600000| Untracked 
| 104|0x000000070f800000, 0x000000070f800000, 0x000000070fa00000|  0%| F|  |TAMS 0x000000070f800000, 0x000000070f800000| Untracked 
| 105|0x000000070fa00000, 0x000000070fa00000, 0x000000070fc00000|  0%| F|  |TAMS 0x000000070fa00000, 0x000000070fa00000| Untracked 
| 106|0x000000070fc00000, 0x000000070fc00000, 0x000000070fe00000|  0%| F|  |TAMS 0x000000070fc00000, 0x000000070fc00000| Untracked 
| 107|0x000000070fe00000, 0x000000070fe00000, 0x0000000710000000|  0%| F|  |TAMS 0x000000070fe00000, 0x000000070fe00000| Untracked 
| 108|0x0000000710000000, 0x0000000710000000, 0x0000000710200000|  0%| F|  |TAMS 0x0000000710000000, 0x0000000710000000| Untracked 
| 109|0x0000000710200000, 0x0000000710200000, 0x0000000710400000|  0%| F|  |TAMS 0x0000000710200000, 0x0000000710200000| Untracked 
| 110|0x0000000710400000, 0x0000000710400000, 0x0000000710600000|  0%| F|  |TAMS 0x0000000710400000, 0x0000000710400000| Untracked 
| 111|0x0000000710600000, 0x0000000710600000, 0x0000000710800000|  0%| F|  |TAMS 0x0000000710600000, 0x0000000710600000| Untracked 
| 112|0x0000000710800000, 0x0000000710800000, 0x0000000710a00000|  0%| F|  |TAMS 0x0000000710800000, 0x0000000710800000| Untracked 
| 113|0x0000000710a00000, 0x0000000710a00000, 0x0000000710c00000|  0%| F|  |TAMS 0x0000000710a00000, 0x0000000710a00000| Untracked 
| 114|0x0000000710c00000, 0x0000000710c8aa88, 0x0000000710e00000| 27%| S|CS|TAMS 0x0000000710c00000, 0x0000000710c00000| Complete 
| 115|0x0000000710e00000, 0x0000000711000000, 0x0000000711000000|100%| S|CS|TAMS 0x0000000710e00000, 0x0000000710e00000| Complete 
| 116|0x0000000711000000, 0x0000000711000000, 0x0000000711200000|  0%| F|  |TAMS 0x0000000711000000, 0x0000000711000000| Untracked 
| 117|0x0000000711200000, 0x0000000711200000, 0x0000000711400000|  0%| F|  |TAMS 0x0000000711200000, 0x0000000711200000| Untracked 
| 118|0x0000000711400000, 0x0000000711400000, 0x0000000711600000|  0%| F|  |TAMS 0x0000000711400000, 0x0000000711400000| Untracked 
| 119|0x0000000711600000, 0x0000000711600000, 0x0000000711800000|  0%| F|  |TAMS 0x0000000711600000, 0x0000000711600000| Untracked 
| 120|0x0000000711800000, 0x0000000711800000, 0x0000000711a00000|  0%| F|  |TAMS 0x0000000711800000, 0x0000000711800000| Untracked 
| 121|0x0000000711a00000, 0x0000000711a00000, 0x0000000711c00000|  0%| F|  |TAMS 0x0000000711a00000, 0x0000000711a00000| Untracked 
| 122|0x0000000711c00000, 0x0000000711c00000, 0x0000000711e00000|  0%| F|  |TAMS 0x0000000711c00000, 0x0000000711c00000| Untracked 
| 123|0x0000000711e00000, 0x0000000711e00000, 0x0000000712000000|  0%| F|  |TAMS 0x0000000711e00000, 0x0000000711e00000| Untracked 
| 124|0x0000000712000000, 0x0000000712200000, 0x0000000712200000|100%| E|  |TAMS 0x0000000712000000, 0x0000000712000000| Complete 
| 125|0x0000000712200000, 0x0000000712400000, 0x0000000712400000|100%| E|CS|TAMS 0x0000000712200000, 0x0000000712200000| Complete 
| 126|0x0000000712400000, 0x0000000712600000, 0x0000000712600000|100%| E|  |TAMS 0x0000000712400000, 0x0000000712400000| Complete 

Card table byte_map: [0x00000283d4c30000,0x00000283d5420000] _byte_map_base: 0x00000283d141c000

Marking Bits (Prev, Next): (CMBitMap*) 0x00000283bfd7cc00, (CMBitMap*) 0x00000283bfd7cc40
 Prev Bits: [0x00000283d5c10000, 0x00000283d9b70000)
 Next Bits: [0x00000283d9b70000, 0x00000283ddad0000)

Polling page: 0x00000283bfde0000

Metaspace:

Usage:
  Non-class:     12.31 MB used.
      Class:      1.33 MB used.
       Both:     13.64 MB used.

Virtual space:
  Non-class space:       64.00 MB reserved,      12.38 MB ( 19%) committed,  1 nodes.
      Class space:        1.00 GB reserved,       1.44 MB ( <1%) committed,  1 nodes.
             Both:        1.06 GB reserved,      13.81 MB (  1%) committed. 

Chunk freelists:
   Non-Class:  3.03 MB
       Class:  14.61 MB
        Both:  17.64 MB

MaxMetaspaceSize: unlimited
CompressedClassSpaceSize: 1.00 GB
Initial GC threshold: 21.00 MB
Current GC threshold: 21.00 MB
CDS: off
MetaspaceReclaimPolicy: balanced
 - commit_granule_bytes: 65536.
 - commit_granule_words: 8192.
 - virtual_space_node_default_size: 8388608.
 - enlarge_chunks_in_place: 1.
 - new_chunks_are_fully_committed: 0.
 - uncommit_free_chunks: 1.
 - use_allocation_guard: 0.
 - handle_deallocations: 1.


Internal statistics:

num_allocs_failed_limit: 0.
num_arena_births: 6.
num_arena_deaths: 0.
num_vsnodes_births: 2.
num_vsnodes_deaths: 0.
num_space_committed: 221.
num_space_uncommitted: 0.
num_chunks_returned_to_freelist: 0.
num_chunks_taken_from_freelist: 224.
num_chunk_merges: 0.
num_chunk_splits: 202.
num_chunks_enlarged: 196.
num_inconsistent_stats: 0.

CodeHeap 'non-profiled nmethods': size=120000Kb used=202Kb max_used=202Kb free=119797Kb
 bounds [0x00000283cc4b0000, 0x00000283cc720000, 0x00000283d39e0000]
CodeHeap 'profiled nmethods': size=120000Kb used=1404Kb max_used=1404Kb free=118596Kb
 bounds [0x00000283c49e0000, 0x00000283c4c50000, 0x00000283cbf10000]
CodeHeap 'non-nmethods': size=5760Kb used=1142Kb max_used=1158Kb free=4617Kb
 bounds [0x00000283cbf10000, 0x00000283cc180000, 0x00000283cc4b0000]
 total_blobs=1204 nmethods=775 adapters=342
 compilation: enabled
              stopped_count=0, restarted_count=0
 full_count=0

Compilation events (20 events):
Event: 0.725 Thread 0x00000283e0798850  730       3       kotlin.reflect.jvm.internal.impl.name.FqName::<init> (18 bytes)
Event: 0.725 Thread 0x00000283e0798850 nmethod 730 0x00000283c4b1f110 code [0x00000283c4b1f2c0, 0x00000283c4b1f508]
Event: 0.725 Thread 0x00000283e0798850  731       3       java.util.ArrayList::grow (60 bytes)
Event: 0.725 Thread 0x00000283e0798850 nmethod 731 0x00000283c4b1f610 code [0x00000283c4b1f800, 0x00000283c4b1fe78]
Event: 0.726 Thread 0x00000283e0798850  733       3       java.util.Collections$UnmodifiableList::get (11 bytes)
Event: 0.726 Thread 0x00000283e0798850 nmethod 733 0x00000283c4b20090 code [0x00000283c4b20240, 0x00000283c4b20428]
Event: 0.726 Thread 0x00000283e0798850  732       3       java.util.Collections$UnmodifiableCollection$1::next (10 bytes)
Event: 0.726 Thread 0x00000283e0798850 nmethod 732 0x00000283c4b20510 code [0x00000283c4b206c0, 0x00000283c4b208a8]
Event: 0.726 Thread 0x00000283e0798850  734       3       kotlin.reflect.jvm.internal.impl.name.FqName::<init> (26 bytes)
Event: 0.726 Thread 0x00000283e0798850 nmethod 734 0x00000283c4b20990 code [0x00000283c4b20b60, 0x00000283c4b21018]
Event: 0.726 Thread 0x00000283e0798850  735       3       kotlin.reflect.jvm.internal.impl.name.FqNameUnsafe::<init> (31 bytes)
Event: 0.727 Thread 0x00000283e0798850 nmethod 735 0x00000283c4b21190 code [0x00000283c4b21360, 0x00000283c4b21698]
Event: 0.727 Thread 0x00000283e0798850  736       3       java.lang.Integer::numberOfLeadingZeros (79 bytes)
Event: 0.727 Thread 0x00000283e0798850 nmethod 736 0x00000283c4b21790 code [0x00000283c4b21940, 0x00000283c4b21c18]
Event: 0.730 Thread 0x00000283e0798850  737       3       sun.reflect.generics.parser.SignatureParser::advance (53 bytes)
Event: 0.730 Thread 0x00000283e0798850 nmethod 737 0x00000283c4b21c90 code [0x00000283c4b21e40, 0x00000283c4b22098]
Event: 0.731 Thread 0x00000283e0798850  738       3       java.lang.PublicMethods$Key::matches (31 bytes)
Event: 0.731 Thread 0x00000283e0798850 nmethod 738 0x00000283c4b22190 code [0x00000283c4b22360, 0x00000283c4b226d8]
Event: 0.732 Thread 0x00000283e0797e60  739   !   4       java.util.zip.ZipFile::getEntry (59 bytes)
Event: 0.734 Thread 0x00000283e0a57720  740   !   4       java.util.zip.ZipFile$Source::getEntryPos (173 bytes)

GC Heap History (2 events):
Event: 0.673 GC heap before
{Heap before GC invocations=0 (full 0):
 garbage-first heap   total 260096K, used 24576K [0x0000000702800000, 0x0000000800000000)
  region size 2048K, 11 young (22528K), 0 survivors (0K)
 Metaspace       used 12900K, committed 12992K, reserved 1114112K
  class space    used 1235K, committed 1280K, reserved 1048576K
}
Event: 0.676 GC heap after
{Heap after GC invocations=1 (full 0):
 garbage-first heap   total 260096K, used 6698K [0x0000000702800000, 0x0000000800000000)
  region size 2048K, 2 young (4096K), 2 survivors (4096K)
 Metaspace       used 12900K, committed 12992K, reserved 1114112K
  class space    used 1235K, committed 1280K, reserved 1048576K
}

Dll operation events (1 events):
Event: 0.006 Loaded shared library C:\Program Files\Android\Android Studio\jbr\bin\java.dll

Deoptimization events (20 events):
Event: 0.173 Thread 0x00000283bfd11b70 DEOPT PACKING pc=0x00000283c49f7e0c sp=0x00000085cdcfd880
Event: 0.173 Thread 0x00000283bfd11b70 DEOPT UNPACKING pc=0x00000283cbf67143 sp=0x00000085cdcfcd10 mode 0
Event: 0.173 Thread 0x00000283bfd11b70 DEOPT PACKING pc=0x00000283c49f7e0c sp=0x00000085cdcfd880
Event: 0.173 Thread 0x00000283bfd11b70 DEOPT UNPACKING pc=0x00000283cbf67143 sp=0x00000085cdcfcd10 mode 0
Event: 0.244 Thread 0x00000283bfd11b70 Uncommon trap: trap_request=0xffffff45 fr.pc=0x00000283cc4b4944 relative=0x00000000000006e4
Event: 0.244 Thread 0x00000283bfd11b70 Uncommon trap: reason=unstable_if action=reinterpret pc=0x00000283cc4b4944 method=java.util.zip.ZipFile$Source.checkAndAddEntry(II)I @ 50 c2
Event: 0.244 Thread 0x00000283bfd11b70 DEOPT PACKING pc=0x00000283cc4b4944 sp=0x00000085cdcfe460
Event: 0.244 Thread 0x00000283bfd11b70 DEOPT UNPACKING pc=0x00000283cbf669a3 sp=0x00000085cdcfe3d8 mode 2
Event: 0.334 Thread 0x00000283bfd11b70 DEOPT PACKING pc=0x00000283c49f64e7 sp=0x00000085cdcfc3b0
Event: 0.334 Thread 0x00000283bfd11b70 DEOPT UNPACKING pc=0x00000283cbf67143 sp=0x00000085cdcfb7d0 mode 0
Event: 0.380 Thread 0x00000283bfd11b70 DEOPT PACKING pc=0x00000283c49f5851 sp=0x00000085cdcfd420
Event: 0.380 Thread 0x00000283bfd11b70 DEOPT UNPACKING pc=0x00000283cbf67143 sp=0x00000085cdcfc898 mode 0
Event: 0.550 Thread 0x00000283bfd11b70 DEOPT PACKING pc=0x00000283c4a54d0b sp=0x00000085cdcfcbf0
Event: 0.550 Thread 0x00000283bfd11b70 DEOPT UNPACKING pc=0x00000283cbf67143 sp=0x00000085cdcfc050 mode 0
Event: 0.578 Thread 0x00000283bfd11b70 DEOPT PACKING pc=0x00000283c4a0ed56 sp=0x00000085cdcf8550
Event: 0.578 Thread 0x00000283bfd11b70 DEOPT UNPACKING pc=0x00000283cbf67143 sp=0x00000085cdcf79d8 mode 0
Event: 0.632 Thread 0x00000283bfd11b70 DEOPT PACKING pc=0x00000283c4a2c4c8 sp=0x00000085cdcf77e0
Event: 0.632 Thread 0x00000283bfd11b70 DEOPT UNPACKING pc=0x00000283cbf67143 sp=0x00000085cdcf6cf8 mode 0
Event: 0.637 Thread 0x00000283bfd11b70 DEOPT PACKING pc=0x00000283c4a325e5 sp=0x00000085cdcfc2d0
Event: 0.637 Thread 0x00000283bfd11b70 DEOPT UNPACKING pc=0x00000283cbf67143 sp=0x00000085cdcfb720 mode 0

Classes unloaded (0 events):
No events

Classes redefined (0 events):
No events

Internal exceptions (0 events):
No events

VM Operations (6 events):
Event: 0.186 Executing VM operation: HandshakeAllThreads
Event: 0.202 Executing VM operation: HandshakeAllThreads done
Event: 0.530 Executing VM operation: HandshakeAllThreads
Event: 0.530 Executing VM operation: HandshakeAllThreads done
Event: 0.673 Executing VM operation: G1CollectForAllocation
Event: 0.676 Executing VM operation: G1CollectForAllocation done

Events (20 events):
Event: 0.711 loading class jdk/internal/reflect/UnsafeQualifiedStaticFieldAccessorImpl done
Event: 0.711 loading class jdk/internal/reflect/UnsafeQualifiedStaticObjectFieldAccessorImpl done
Event: 0.730 loading class sun/reflect/generics/repository/ClassRepository
Event: 0.730 loading class sun/reflect/generics/repository/GenericDeclRepository
Event: 0.730 loading class sun/reflect/generics/repository/AbstractRepository
Event: 0.730 loading class sun/reflect/generics/repository/AbstractRepository done
Event: 0.730 loading class sun/reflect/generics/repository/GenericDeclRepository done
Event: 0.730 loading class sun/reflect/generics/repository/ClassRepository done
Event: 0.730 loading class sun/reflect/generics/tree/FormalTypeParameter
Event: 0.730 loading class sun/reflect/generics/tree/FormalTypeParameter done
Event: 0.730 loading class sun/reflect/generics/tree/ClassSignature
Event: 0.730 loading class sun/reflect/generics/tree/Signature
Event: 0.730 loading class sun/reflect/generics/tree/Signature done
Event: 0.730 loading class sun/reflect/generics/tree/ClassSignature done
Event: 0.730 loading class java/lang/reflect/TypeVariable
Event: 0.730 loading class java/lang/reflect/TypeVariable done
Event: 0.731 loading class java/lang/reflect/AnnotatedType
Event: 0.731 loading class java/lang/reflect/AnnotatedType done
Event: 0.739 loading class java/io/DataInputStream
Event: 0.739 loading class java/io/DataInputStream done


Dynamic libraries:
0x00007ff7e5f40000 - 0x00007ff7e5f4a000 	C:\Program Files\Android\Android Studio\jbr\bin\java.exe
0x00007ffdca6f0000 - 0x00007ffdca8e8000 	C:\WINDOWS\SYSTEM32\ntdll.dll
0x00007ffdc9b10000 - 0x00007ffdc9bd1000 	C:\WINDOWS\System32\KERNEL32.DLL
0x00007ffdc82c0000 - 0x00007ffdc85bd000 	C:\WINDOWS\System32\KERNELBASE.dll
0x00007ffdc8150000 - 0x00007ffdc8250000 	C:\WINDOWS\System32\ucrtbase.dll
0x00007ffdb7e10000 - 0x00007ffdb7e27000 	C:\Program Files\Android\Android Studio\jbr\bin\jli.dll
0x00007ffdb7370000 - 0x00007ffdb738b000 	C:\Program Files\Android\Android Studio\jbr\bin\VCRUNTIME140.dll
0x00007ffdc93a0000 - 0x00007ffdc953d000 	C:\WINDOWS\System32\USER32.dll
0x00007ffdacb70000 - 0x00007ffdace0a000 	C:\WINDOWS\WinSxS\amd64_microsoft.windows.common-controls_6595b64144ccf1df_6.0.19041.4355_none_60b8b9eb71f62e16\COMCTL32.dll
0x00007ffdc7da0000 - 0x00007ffdc7dc2000 	C:\WINDOWS\System32\win32u.dll
0x00007ffdc98c0000 - 0x00007ffdc995e000 	C:\WINDOWS\System32\msvcrt.dll
0x00007ffdc8720000 - 0x00007ffdc874b000 	C:\WINDOWS\System32\GDI32.dll
0x00007ffdc8030000 - 0x00007ffdc8147000 	C:\WINDOWS\System32\gdi32full.dll
0x00007ffdc8680000 - 0x00007ffdc871d000 	C:\WINDOWS\System32\msvcp_win.dll
0x00007ffdca350000 - 0x00007ffdca37f000 	C:\WINDOWS\System32\IMM32.DLL
0x00007ffdb75a0000 - 0x00007ffdb75ac000 	C:\Program Files\Android\Android Studio\jbr\bin\vcruntime140_1.dll
0x00007ffda7a60000 - 0x00007ffda7aed000 	C:\Program Files\Android\Android Studio\jbr\bin\msvcp140.dll
0x00007ffd18a80000 - 0x00007ffd19700000 	C:\Program Files\Android\Android Studio\jbr\bin\server\jvm.dll
0x00007ffdc9290000 - 0x00007ffdc9340000 	C:\WINDOWS\System32\ADVAPI32.dll
0x00007ffdc8ab0000 - 0x00007ffdc8b50000 	C:\WINDOWS\System32\sechost.dll
0x00007ffdc8cd0000 - 0x00007ffdc8df3000 	C:\WINDOWS\System32\RPCRT4.dll
0x00007ffdc8650000 - 0x00007ffdc8677000 	C:\WINDOWS\System32\bcrypt.dll
0x00007ffda24a0000 - 0x00007ffda24a9000 	C:\WINDOWS\SYSTEM32\WSOCK32.dll
0x00007ffdbb140000 - 0x00007ffdbb167000 	C:\WINDOWS\SYSTEM32\WINMM.dll
0x00007ffdca380000 - 0x00007ffdca3eb000 	C:\WINDOWS\System32\WS2_32.dll
0x00007ffdbe890000 - 0x00007ffdbe89a000 	C:\WINDOWS\SYSTEM32\VERSION.dll
0x00007ffdc5c20000 - 0x00007ffdc5c32000 	C:\WINDOWS\SYSTEM32\kernel.appcore.dll
0x00007ffdc57a0000 - 0x00007ffdc57aa000 	C:\Program Files\Android\Android Studio\jbr\bin\jimage.dll
0x00007ffdb99a0000 - 0x00007ffdb9b84000 	C:\WINDOWS\SYSTEM32\DBGHELP.DLL
0x00007ffdc3520000 - 0x00007ffdc3554000 	C:\WINDOWS\SYSTEM32\dbgcore.DLL
0x00007ffdc85c0000 - 0x00007ffdc8642000 	C:\WINDOWS\System32\bcryptPrimitives.dll
0x00007ffdb8ce0000 - 0x00007ffdb8d05000 	C:\Program Files\Android\Android Studio\jbr\bin\java.dll
0x00007ffdc3a80000 - 0x00007ffdc3a98000 	C:\Program Files\Android\Android Studio\jbr\bin\zip.dll
0x00007ffdc9be0000 - 0x00007ffdca34f000 	C:\WINDOWS\System32\SHELL32.dll
0x00007ffdc5e20000 - 0x00007ffdc65bf000 	C:\WINDOWS\SYSTEM32\windows.storage.dll
0x00007ffdc8750000 - 0x00007ffdc8aa3000 	C:\WINDOWS\System32\combase.dll
0x00007ffdc77c0000 - 0x00007ffdc77ee000 	C:\WINDOWS\SYSTEM32\Wldp.dll
0x00007ffdc8b50000 - 0x00007ffdc8c1d000 	C:\WINDOWS\System32\OLEAUT32.dll
0x00007ffdc8c20000 - 0x00007ffdc8ccd000 	C:\WINDOWS\System32\SHCORE.dll
0x00007ffdc9550000 - 0x00007ffdc95a5000 	C:\WINDOWS\System32\shlwapi.dll
0x00007ffdc7cd0000 - 0x00007ffdc7cf4000 	C:\WINDOWS\SYSTEM32\profapi.dll
0x00007ffdc0fd0000 - 0x00007ffdc0fe9000 	C:\Program Files\Android\Android Studio\jbr\bin\net.dll
0x00007ffdbfd30000 - 0x00007ffdbfe3d000 	C:\WINDOWS\SYSTEM32\WINHTTP.dll
0x00007ffdc7520000 - 0x00007ffdc758a000 	C:\WINDOWS\system32\mswsock.dll
0x00007ffdbe0f0000 - 0x00007ffdbe106000 	C:\Program Files\Android\Android Studio\jbr\bin\nio.dll

dbghelp: loaded successfully - version: 4.0.5 - missing functions: none
symbol engine: initialized successfully - sym options: 0x614 - pdb path: .;C:\Program Files\Android\Android Studio\jbr\bin;C:\WINDOWS\SYSTEM32;C:\WINDOWS\WinSxS\amd64_microsoft.windows.common-controls_6595b64144ccf1df_6.0.19041.4355_none_60b8b9eb71f62e16;C:\Program Files\Android\Android Studio\jbr\bin\server

VM Arguments:
java_command: org.jetbrains.kotlin.cli.jvm.K2JVMCompiler @C:\Users\gusta\Desktop\MyAnimeList\app\build\20240819_1701933722096261952.compiler.options
java_class_path (initial): C:\Users\gusta\.gradle\caches\modules-2\files-2.1\org.jetbrains.kotlin\kotlin-compiler-embeddable\1.9.0\2c8c3a7402becca891f12739b3e9fd2dc2adbd7a\kotlin-compiler-embeddable-1.9.0.jar;C:\Users\gusta\.gradle\caches\modules-2\files-2.1\org.jetbrains.kotlin\kotlin-stdlib\1.9.0\8ee15ef0c67dc83d874f412d84378d7f0eb50b63\kotlin-stdlib-1.9.0.jar;C:\Users\gusta\.gradle\caches\modules-2\files-2.1\org.jetbrains.kotlin\kotlin-script-runtime\1.9.0\4b3102cbbb7e1b58d9d1adf89563f00069ffa7d1\kotlin-script-runtime-1.9.0.jar;C:\Users\gusta\.gradle\caches\modules-2\files-2.1\org.jetbrains.kotlin\kotlin-reflect\1.6.10\1cbe9c92c12a94eea200d23c2bbaedaf3daf5132\kotlin-reflect-1.6.10.jar;C:\Users\gusta\.gradle\caches\modules-2\files-2.1\org.jetbrains.kotlin\kotlin-daemon-embeddable\1.9.0\186543f5e28cf8d9a0290fecc2cf34301c40a65c\kotlin-daemon-embeddable-1.9.0.jar;C:\Users\gusta\.gradle\caches\modules-2\files-2.1\org.jetbrains.intellij.deps\trove4j\1.0.20200330\3afb14d5f9ceb459d724e907a21145e8ff394f02\trove4j-1.0.20200330.jar;C:\Users\gusta\.gradle\caches\modules-2\files-2.1\org.jetbrains.kotlin\kotlin-stdlib-common\1.9.0\cd65c21cfd1eec4d44ef09f9f52b6d9f8a720636\kotlin-stdlib-common-1.9.0.jar;C:\Users\gusta\.gradle\caches\modules-2\files-2.1\org.jetbrains\annotations\13.0\919f0dfe192fb4e063e7dacadee7f8bb9a2672a9\annotations-13.0.jar
Launcher Type: SUN_STANDARD

[Global flags]
     intx CICompilerCount                          = 4                                         {product} {ergonomic}
     uint ConcGCThreads                            = 2                                         {product} {ergonomic}
     uint G1ConcRefinementThreads                  = 8                                         {product} {ergonomic}
   size_t G1HeapRegionSize                         = 2097152                                   {product} {ergonomic}
    uintx GCDrainStackTargetSize                   = 64                                        {product} {ergonomic}
   size_t InitialHeapSize                          = 266338304                                 {product} {ergonomic}
   size_t MarkStackSize                            = 4194304                                   {product} {ergonomic}
   size_t MaxHeapSize                              = 4253024256                                {product} {ergonomic}
   size_t MaxNewSize                               = 2550136832                                {product} {ergonomic}
   size_t MinHeapDeltaBytes                        = 2097152                                   {product} {ergonomic}
   size_t MinHeapSize                              = 8388608                                   {product} {ergonomic}
    uintx NonNMethodCodeHeapSize                   = 5839372                                {pd product} {ergonomic}
    uintx NonProfiledCodeHeapSize                  = 122909434                              {pd product} {ergonomic}
    uintx ProfiledCodeHeapSize                     = 122909434                              {pd product} {ergonomic}
    uintx ReservedCodeCacheSize                    = 251658240                              {pd product} {ergonomic}
     bool SegmentedCodeCache                       = true                                      {product} {ergonomic}
   size_t SoftMaxHeapSize                          = 4253024256                             {manageable} {ergonomic}
     bool UseCompressedClassPointers               = true                           {product lp64_product} {ergonomic}
     bool UseCompressedOops                        = true                           {product lp64_product} {ergonomic}
     bool UseG1GC                                  = true                                      {product} {ergonomic}
     bool UseLargePagesIndividualAllocation        = false                                  {pd product} {ergonomic}

Logging:
Log output configuration:
 #0: stdout all=warning uptime,level,tags
 #1: stderr all=off uptime,level,tags

Environment Variables:
PATH=C:\Program Files (x86)\Common Files\Oracle\Java\javapath;C:\WINDOWS\system32;C:\WINDOWS;C:\WINDOWS\System32\Wbem;C:\WINDOWS\System32\WindowsPowerShell\v1.0\;C:\WINDOWS\System32\OpenSSH\;C:\Program Files\Git\cmd;C:\Program Files (x86)\NVIDIA Corporation\PhysX\Common;C:\Program Files\NVIDIA Corporation\NVIDIA NvDLISR;C:\Users\gusta\AppData\Local\Microsoft\WindowsApps;D:\Downloads\Microsoft VS Code\bin
USERNAME=gusta
OS=Windows_NT
PROCESSOR_IDENTIFIER=Intel64 Family 6 Model 158 Stepping 13, GenuineIntel
TMP=C:\Users\gusta\AppData\Local\Temp
TEMP=C:\Users\gusta\AppData\Local\Temp


JNI global refs:
JNI global refs: 8, weak refs: 3

JNI global refs memory usage: 843, weak refs: 841

OOME stack traces (most recent first):
Classloader memory used:
Loader bootstrap                                                                       : 964K
Loader jdk.internal.loader.ClassLoaders$AppClassLoader                                 : 790K


---------------  S Y S T E M  ---------------

OS:
 Windows 10 , 64 bit Build 19041 (10.0.19041.4717)
OS uptime: 5 days 0:05 hours

CPU: total 8 (initial active 8) (4 cores per cpu, 2 threads per core) family 6 model 158 stepping 13 microcode 0xcc, cx8, cmov, fxsr, ht, mmx, 3dnowpref, sse, sse2, sse3, ssse3, sse4.1, sse4.2, popcnt, lzcnt, tsc, tscinvbit, avx, avx2, aes, erms, clmul, bmi1, bmi2, adx, fma, vzeroupper, clflush, clflushopt

Memory: 4k page, system-wide physical 16221M (1158M free)
TotalPageFile size 24940M (AvailPageFile size 2M)
current process WorkingSet (physical memory assigned to process): 80M, peak: 80M
current process commit charge ("private bytes"): 354M, peak: 354M

vm_info: OpenJDK 64-Bit Server VM (17.0.7+0-b2043.56-10550314) for windows-amd64 JRE (17.0.7+0-b2043.56-10550314), built on Jul 24 2023 18:27:45 by "androidbuild" with MS VC++ 16.10 / 16.11 (VS2019)

END.
